<?xml version="1.0" encoding="UTF-8"?>
<!-- Generated by org.testng.reporters.JUnitReportReporter -->
<testsuite skipped="0" hostname="DESKTOP-MMGRP4T" name="pomDesign.webOrderLoginPage" tests="2" failures="0" timestamp="12 Dec 2018 21:38:19 GMT" time="0.536" errors="0">
  <testcase name="ErrorMessagePOM" time="0.308" classname="pomDesign.webOrderLoginPage"/>
  <testcase name="loginUsingPOM" time="0.228" classname="pomDesign.webOrderLoginPage"/>
</testsuite> <!-- pomDesign.webOrderLoginPage -->
