<?xml version="1.0" encoding="UTF-8"?>
<!-- Generated by org.testng.reporters.JUnitReportReporter -->
<testsuite skipped="0" hostname="DESKTOP-MMGRP4T" name="com.newtours.loginTest" tests="1" failures="0" timestamp="07 Dec 2018 17:17:18 GMT" time="3.902" errors="0">
  <testcase name="login" time="3.902" classname="com.newtours.loginTest"/>
</testsuite> <!-- com.newtours.loginTest -->
