<?xml version="1.0" encoding="UTF-8"?>
<!-- Generated by org.testng.reporters.JUnitReportReporter -->
<testsuite skipped="0" hostname="DESKTOP-MMGRP4T" name="calculator.gasMileageCalculator" tests="1" failures="0" timestamp="18 Dec 2018 16:15:11 GMT" time="1.995" errors="0">
  <testcase name="mileageReading" time="1.995" classname="calculator.gasMileageCalculator"/>
</testsuite> <!-- calculator.gasMileageCalculator -->
