<?xml version="1.0" encoding="UTF-8"?>
<!-- Generated by org.testng.reporters.JUnitReportReporter -->
<testsuite skipped="0" hostname="DESKTOP-MMGRP4T" name="com.cibertek.sauceTest" tests="1" failures="0" timestamp="11 Dec 2018 19:50:40 GMT" time="13.754" errors="0">
  <testcase name="login" time="13.754" classname="com.cibertek.sauceTest"/>
</testsuite> <!-- com.cibertek.sauceTest -->
