<?xml version="1.0" encoding="UTF-8"?>
<!-- Generated by org.testng.reporters.JUnitReportReporter -->
<testsuite skipped="0" hostname="DESKTOP-MMGRP4T" name="com.google.goodleSearchTest" tests="1" failures="0" timestamp="10 Dec 2018 22:02:34 GMT" time="8.135" errors="0">
  <testcase name="searchResult" time="8.135" classname="com.google.goodleSearchTest"/>
</testsuite> <!-- com.google.goodleSearchTest -->
