<?xml version="1.0" encoding="UTF-8"?>
<!-- Generated by org.testng.reporters.JUnitReportReporter -->
<testsuite skipped="0" hostname="DESKTOP-MMGRP4T" name="cybertek.AmazonTest" tests="1" failures="0" timestamp="07 Dec 2018 03:44:15 GMT" time="7.520" errors="0">
  <testcase name="navigatetoamazon" time="7.520" classname="cybertek.AmazonTest"/>
</testsuite> <!-- cybertek.AmazonTest -->
