<?xml version="1.0" encoding="UTF-8"?>
<!-- Generated by org.testng.reporters.JUnitReportReporter -->
<testsuite skipped="0" hostname="DESKTOP-MMGRP4T" name="cybertek2.AbcTest" tests="1" failures="0" timestamp="07 Dec 2018 03:44:15 GMT" time="11.005" errors="0">
  <testcase name="navigatetoAbc" time="11.005" classname="cybertek2.AbcTest"/>
</testsuite> <!-- cybertek2.AbcTest -->
