<?xml version="1.0" encoding="UTF-8"?>
<!-- Generated by org.testng.reporters.JUnitReportReporter -->
<testsuite skipped="0" hostname="DESKTOP-MMGRP4T" name="cybertek.Yahhotest" tests="1" failures="0" timestamp="06 Dec 2018 20:04:02 GMT" time="27.675" errors="0">
  <testcase name="navigatetoamazon" time="27.675" classname="cybertek.Yahhotest"/>
</testsuite> <!-- cybertek.Yahhotest -->
