<?xml version="1.0" encoding="UTF-8"?>
<!-- Generated by org.testng.reporters.JUnitReportReporter -->
<testsuite skipped="1" hostname="DESKTOP-MMGRP4T" name="com.bookit.tests.APIDay2" tests="9" failures="0" timestamp="15 Jan 2019 20:10:52 GMT" time="3.624" errors="0">
  <testcase name="regionTaskV2" time="0.223" classname="com.bookit.tests.APIDay2"/>
  <testcase name="testJsonPathWithList" time="0.274" classname="com.bookit.tests.APIDay2"/>
  <testcase name="regionTaskV1" time="0.206" classname="com.bookit.tests.APIDay2"/>
  <testcase name="regionTaskV3" time="0.219" classname="com.bookit.tests.APIDay2"/>
  <testcase name="employeesWithParams" time="0.339" classname="com.bookit.tests.APIDay2"/>
  <testcase name="testWithJsonPath" time="0.125" classname="com.bookit.tests.APIDay2"/>
  <testcase name="convertJsonToListofMap" time="1.981" classname="com.bookit.tests.APIDay2"/>
  <testcase name="testwithJsonToMap" time="0.257" classname="com.bookit.tests.APIDay2"/>
  <testcase name="testWithPathParams" classname="com.bookit.tests.APIDay2">
    <skipped/>
  </testcase> <!-- testWithPathParams -->
</testsuite> <!-- com.bookit.tests.APIDay2 -->
