<?xml version="1.0" encoding="UTF-8"?>
<!-- Generated by org.testng.reporters.JUnitReportReporter -->
<testsuite skipped="0" hostname="DESKTOP-MMGRP4T" name="com.bookit.tests.APIDay1" tests="9" failures="0" timestamp="15 Jan 2019 03:42:02 GMT" time="4.484" errors="0">
  <testcase name="simpleStatusCode" time="0.309" classname="com.bookit.tests.APIDay1"/>
  <testcase name="printResponse" time="0.198" classname="com.bookit.tests.APIDay1"/>
  <testcase name="getWithHeaders" time="0.188" classname="com.bookit.tests.APIDay1"/>
  <testcase name="negativeGetWithBody" time="0.885" classname="com.bookit.tests.APIDay1"/>
  <testcase name="negativeGet" time="0.218" classname="com.bookit.tests.APIDay1"/>
  <testcase name="verifyContentType" time="0.126" classname="com.bookit.tests.APIDay1"/>
  <testcase name="firstNameAndJobId" time="2.218" classname="com.bookit.tests.APIDay1"/>
  <testcase name="verifyFirstName" time="0.124" classname="com.bookit.tests.APIDay1"/>
  <testcase name="verifyRegionCount" time="0.218" classname="com.bookit.tests.APIDay1"/>
</testsuite> <!-- com.bookit.tests.APIDay1 -->
