<?xml version="1.0" encoding="UTF-8"?>
<!-- Generated by org.testng.reporters.JUnitReportReporter -->
<testsuite skipped="4" hostname="DESKTOP-MMGRP4T" name="com.bookit.tests.JDBCtest" tests="6" failures="0" timestamp="08 Jan 2019 21:15:30 GMT" time="0.202" errors="0">
  <testcase name="useDBUtils" time="0.159" classname="com.bookit.tests.JDBCtest"/>
  <testcase name="useDBUtils2" time="0.043" classname="com.bookit.tests.JDBCtest"/>
  <testcase name="PostGreSQL" classname="com.bookit.tests.JDBCtest">
    <skipped/>
  </testcase> <!-- PostGreSQL -->
  <testcase name="DBUtilDynamic" classname="com.bookit.tests.JDBCtest">
    <skipped/>
  </testcase> <!-- DBUtilDynamic -->
  <testcase name="JDBCMetaData" classname="com.bookit.tests.JDBCtest">
    <skipped/>
  </testcase> <!-- JDBCMetaData -->
  <testcase name="DBUtil" classname="com.bookit.tests.JDBCtest">
    <skipped/>
  </testcase> <!-- DBUtil -->
</testsuite> <!-- com.bookit.tests.JDBCtest -->
