<?xml version="1.0" encoding="UTF-8"?>
<!-- Generated by org.testng.reporters.JUnitReportReporter -->
<testsuite skipped="0" hostname="DESKTOP-MMGRP4T" name="com.gascalculator.testcases.DDFTest" tests="1" failures="0" timestamp="19 Dec 2018 00:29:44 GMT" time="9.866" errors="0">
  <testcase name="calculateTest" time="9.866" classname="com.gascalculator.testcases.DDFTest"/>
</testsuite> <!-- com.gascalculator.testcases.DDFTest -->
