<?xml version="1.0" encoding="UTF-8"?>
<!-- Generated by org.testng.reporters.JUnitReportReporter -->
<testsuite skipped="0" hostname="DESKTOP-MMGRP4T" name="com.newtours.loginTest" tests="1" failures="0" timestamp="2018-12-07T12:20:26 EST" time="3.914" errors="0">
  <testcase name="login" time="3.914" classname="com.newtours.loginTest"/>
</testsuite> <!-- com.newtours.loginTest -->
