<?xml version="1.0" encoding="UTF-8"?>
<!-- Generated by org.testng.reporters.JUnitReportReporter -->
<testsuite skipped="0" hostname="DESKTOP-MMGRP4T" name="com.grit.gridTest" tests="1" failures="0" timestamp="11 Dec 2018 18:39:50 GMT" time="8.093" errors="0">
  <testcase name="login" time="8.093" classname="com.grit.gridTest"/>
</testsuite> <!-- com.grit.gridTest -->
